<?xml version="1.0" encoding="UTF-8"?>
<testng-results skipped="0" failed="0" ignored="0" total="1" passed="1">
  <reporter-output>
  </reporter-output>
  <suite name="Suite" duration-ms="268003" started-at="2019-01-28T07:31:36Z" finished-at="2019-01-28T07:36:04Z">
    <groups>
    </groups>
    <test name="Test" duration-ms="268003" started-at="2019-01-28T07:31:36Z" finished-at="2019-01-28T07:36:04Z">
      <class name="VehicleTestNG">
        <test-method status="PASS" signature="beforeTest()[pri:0, instance:VehicleTestNG@51e2adc7]" name="beforeTest" is-config="true" duration-ms="18360" started-at="2019-01-28T07:31:36Z" finished-at="2019-01-28T07:31:54Z">
          <reporter-output>
          </reporter-output>
        </test-method> <!-- beforeTest -->
        <test-method status="PASS" signature="allVehcileMethod()[pri:0, instance:VehicleTestNG@51e2adc7]" name="allVehcileMethod" duration-ms="249574" started-at="2019-01-28T07:31:54Z" finished-at="2019-01-28T07:36:04Z">
          <reporter-output>
          </reporter-output>
        </test-method> <!-- allVehcileMethod -->
        <test-method status="PASS" signature="afterTest()[pri:0, instance:VehicleTestNG@51e2adc7]" name="afterTest" is-config="true" duration-ms="15" started-at="2019-01-28T07:36:04Z" finished-at="2019-01-28T07:36:04Z">
          <reporter-output>
          </reporter-output>
        </test-method> <!-- afterTest -->
      </class> <!-- VehicleTestNG -->
    </test> <!-- Test -->
  </suite> <!-- Suite -->
</testng-results>
