<?xml version="1.0" encoding="UTF-8"?>
<testng-results skipped="0" failed="0" ignored="0" total="2" passed="2">
  <reporter-output>
  </reporter-output>
  <suite name="Default suite" duration-ms="177072" started-at="2019-02-15T12:43:58Z" finished-at="2019-02-15T12:46:56Z">
    <groups>
    </groups>
    <test name="Default test" duration-ms="177072" started-at="2019-02-15T12:43:58Z" finished-at="2019-02-15T12:46:56Z">
      <class name="Verify_Qiss_Homepage">
        <test-method status="PASS" signature="calling_driver_login()[pri:0, instance:Verify_Qiss_Homepage@3dfc5fb8]" name="calling_driver_login" is-config="true" duration-ms="17239" started-at="2019-02-15T12:43:58Z" finished-at="2019-02-15T12:44:16Z">
          <reporter-output>
          </reporter-output>
        </test-method> <!-- calling_driver_login -->
        <test-method status="PASS" signature="verify_links()[pri:1, instance:Verify_Qiss_Homepage@3dfc5fb8]" name="verify_links" duration-ms="144944" started-at="2019-02-15T12:44:16Z" finished-at="2019-02-15T12:46:41Z">
          <reporter-output>
          </reporter-output>
        </test-method> <!-- verify_links -->
        <test-method status="PASS" signature="verify_language()[pri:2, instance:Verify_Qiss_Homepage@3dfc5fb8]" name="verify_language" duration-ms="12465" started-at="2019-02-15T12:46:41Z" finished-at="2019-02-15T12:46:53Z">
          <reporter-output>
          </reporter-output>
        </test-method> <!-- verify_language -->
        <test-method status="PASS" signature="close_browser()[pri:0, instance:Verify_Qiss_Homepage@3dfc5fb8]" name="close_browser" is-config="true" duration-ms="2363" started-at="2019-02-15T12:46:53Z" finished-at="2019-02-15T12:46:56Z">
          <reporter-output>
          </reporter-output>
        </test-method> <!-- close_browser -->
      </class> <!-- Verify_Qiss_Homepage -->
    </test> <!-- Default test -->
  </suite> <!-- Default suite -->
</testng-results>
